2025-03-05 19:19:00 | WARN | repo=GP | action=pull
2025-08-13 20:41:00 | DEBUG | repo=GP | action=commit
2025-01-13 16:41:00 | DEBUG | repo=GP | action=commit
2025-04-12 21:00:00 | INFO | repo=GP | action=commit
2025-12-05 20:24:00 | INFO | repo=GP | action=commit
2025-11-24 07:27:00 | DEBUG | repo=GP | action=commit
2025-04-20 20:10:00 | WARN | repo=GP | action=commit
2025-03-15 08:28:00 | DEBUG | repo=GP | action=commit
2025-06-28 21:57:00 | WARN | repo=GP | action=pull
2025-12-12 21:07:00 | INFO | repo=GP | action=commit
2025-02-26 13:55:00 | DEBUG | repo=GP | action=commit
2025-03-03 12:26:00 | WARN | repo=GP | action=test | passed=true
2025-06-14 08:21:00 | WARN | repo=GP | action=commit
2025-11-20 17:16:00 | DEBUG | repo=GP | action=commit
2025-01-15 19:32:00 | INFO | repo=GP | action=commit
2025-08-14T15:18:00 | nonce=17954447975042333134
2025-07-05T17:03:00 | nonce=3013613673784939469
2025-05-17T10:52:00 | nonce=1196098398835918466
2025-09-28T17:57:00 | nonce=8436151047711346907
2025-04-28T20:10:00 | nonce=8250066568015943968
2025-02-10T18:16:00 | nonce=698976765431077922
2025-07-02T16:13:00 | nonce=11392972592214976277
2025-07-01T17:36:00 | nonce=2264804598070280529
2025-12-09T17:57:00 | nonce=17965099065799139636
2025-12-06T18:20:00 | nonce=18441695997816376154
